<?xml version="1.0" encoding="UTF-8"?>
<coverage generated="1715417342316" clover="3.2.0">
  <project timestamp="1715417342316" name="All files">
    <metrics statements="25" coveredstatements="23" conditionals="11" coveredconditionals="10" methods="5" coveredmethods="5" elements="41" coveredelements="38" complexity="0" loc="25" ncloc="25" packages="1" files="5" classes="5"/>
    <file name="fetch-random-user.js" path="C:\Users\aymen\OneDrive\Bureau\Test\TP1\fetch-random-user.js">
      <metrics statements="8" coveredstatements="6" conditionals="2" coveredconditionals="1" methods="1" coveredmethods="1"/>
      <line num="1" count="1" type="cond" truecount="1" falsecount="0"/>
      <line num="2" count="1" type="stmt"/>
      <line num="3" count="1" type="cond" truecount="0" falsecount="1"/>
      <line num="4" count="0" type="stmt"/>
      <line num="5" count="0" type="stmt"/>
      <line num="6" count="1" type="stmt"/>
      <line num="7" count="1" type="stmt"/>
      <line num="8" count="1" type="stmt"/>
    </file>
    <file name="math.js" path="C:\Users\aymen\OneDrive\Bureau\Test\TP1\math.js">
      <metrics statements="4" coveredstatements="4" conditionals="1" coveredconditionals="1" methods="1" coveredmethods="1"/>
      <line num="1" count="1" type="stmt"/>
      <line num="2" count="1" type="cond" truecount="1" falsecount="0"/>
      <line num="3" count="1" type="stmt"/>
      <line num="4" count="1" type="stmt"/>
    </file>
    <file name="price-range.js" path="C:\Users\aymen\OneDrive\Bureau\Test\TP1\price-range.js">
      <metrics statements="3" coveredstatements="3" conditionals="2" coveredconditionals="2" methods="1" coveredmethods="1"/>
      <line num="1" count="1" type="cond" truecount="1" falsecount="0"/>
      <line num="2" count="6" type="cond" truecount="1" falsecount="0"/>
      <line num="3" count="6" type="stmt"/>
    </file>
    <file name="sort.js" path="C:\Users\aymen\OneDrive\Bureau\Test\TP1\sort.js">
      <metrics statements="6" coveredstatements="6" conditionals="5" coveredconditionals="5" methods="1" coveredmethods="1"/>
      <line num="1" count="1" type="cond" truecount="1" falsecount="0"/>
      <line num="2" count="4" type="cond" truecount="2" falsecount="0"/>
      <line num="3" count="1" type="stmt"/>
      <line num="4" count="1" type="stmt"/>
      <line num="5" count="3" type="cond" truecount="2" falsecount="0"/>
      <line num="6" count="3" type="stmt"/>
    </file>
    <file name="transform.js" path="C:\Users\aymen\OneDrive\Bureau\Test\TP1\transform.js">
      <metrics statements="4" coveredstatements="4" conditionals="1" coveredconditionals="1" methods="1" coveredmethods="1"/>
      <line num="1" count="1" type="stmt"/>
      <line num="2" count="1" type="cond" truecount="1" falsecount="0"/>
      <line num="3" count="3" type="stmt"/>
      <line num="4" count="3" type="stmt"/>
    </file>
  </project>
</coverage>
